mode: set
github.com/budidak/booking/cmd/web/routes.go:14.49,42.2 18 1
github.com/budidak/booking/cmd/web/main.go:23.13,25.16 2 0
github.com/budidak/booking/cmd/web/main.go:30.2,37.16 4 0
github.com/budidak/booking/cmd/web/main.go:25.16,27.3 1 0
github.com/budidak/booking/cmd/web/main.go:37.16,39.3 1 0
github.com/budidak/booking/cmd/web/main.go:44.18,60.16 10 1
github.com/budidak/booking/cmd/web/main.go:64.2,72.12 6 1
github.com/budidak/booking/cmd/web/main.go:60.16,63.3 2 0
github.com/budidak/booking/cmd/web/middleware.go:12.45,21.2 3 1
github.com/budidak/booking/cmd/web/middleware.go:24.50,26.2 1 1
